<?xml version="1.0" encoding="utf-8"?><testsuites name="pytest tests"><testsuite name="pytest" errors="0" failures="0" skipped="0" tests="7" time="2.045" timestamp="2026-05-28T12:32:14.328629+00:00" hostname="agent-env-79e362e8-9e20-4148-851a-20d4cdedbcd1"><testcase classname="backend.tests.test_office_coupling.TestCreateWithOffice" name="test_create_with_office_id_sets_name" time="0.596" /><testcase classname="backend.tests.test_office_coupling.TestCreateWithOffice" name="test_create_without_office_id_regression" time="0.094" /><testcase classname="backend.tests.test_office_coupling.TestPatchOffice" name="test_patch_sets_and_clears_office" time="0.329" /><testcase classname="backend.tests.test_office_coupling.TestPatchOffice" name="test_activity_office_linked_entry" time="0.208" /><testcase classname="backend.tests.test_office_coupling.TestOfficeDetailListsProspects" name="test_get_office_includes_explicit_and_city_prospects" time="0.240" /><testcase classname="backend.tests.test_office_coupling.TestOfficeRecruitmentDashboard" name="test_explicit_office_counted" time="0.285" /><testcase classname="backend.tests.test_office_coupling.TestLinkCityProspects" name="test_bulk_link_assigns_legacy_prospects" time="0.212" /></testsuite></testsuites>