<?xml version="1.0" encoding="utf-8"?><testsuites name="pytest tests"><testsuite name="pytest" errors="0" failures="1" skipped="0" tests="33" time="7.563" timestamp="2026-05-24T08:58:35.923368+00:00" hostname="agent-env-79e362e8-9e20-4148-851a-20d4cdedbcd1"><testcase classname="backend.tests.test_auth_phase1.TestAuth" name="test_login_success_sets_cookies" time="0.684" /><testcase classname="backend.tests.test_auth_phase1.TestAuth" name="test_login_wrong_password_401" time="0.324" /><testcase classname="backend.tests.test_auth_phase1.TestAuth" name="test_me_with_cookie" time="0.043" /><testcase classname="backend.tests.test_auth_phase1.TestAuth" name="test_me_without_auth_401" time="0.097" /><testcase classname="backend.tests.test_auth_phase1.TestAuth" name="test_bearer_fallback" time="0.104" /><testcase classname="backend.tests.test_auth_phase1.TestAuth" name="test_refresh_with_cookie" time="0.365" /><testcase classname="backend.tests.test_auth_phase1.TestAuth" name="test_refresh_no_cookie_401" time="0.098" /><testcase classname="backend.tests.test_auth_phase1.TestAuth" name="test_logout_clears_cookies" time="0.407" /><testcase classname="backend.tests.test_auth_phase1.TestAuth" name="test_brute_force_lockout" time="0.631" /><testcase classname="backend.tests.test_auth_phase1.TestCors" name="test_cors_credentials" time="0.063"><failure message="AssertionError: Expected explicit origin, got '*'&#10;assert '*' == 'https://recr...gentagent.com'&#10;  &#10;  - https://recruiter-dash-10.preview.emergentagent.com&#10;  + *">backend/tests/test_auth_phase1.py:183: in test_cors_credentials
    assert acao == FRONTEND_URL, f"Expected explicit origin, got '{acao}'"
E   AssertionError: Expected explicit origin, got '*'
E   assert '*' == 'https://recr...gentagent.com'
E     
E     - https://recruiter-dash-10.preview.emergentagent.com
E     + *</failure></testcase><testcase classname="backend.tests.test_auth_phase1.TestProtected" name="test_requires_auth[/dashboard/kpis]" time="0.097" /><testcase classname="backend.tests.test_auth_phase1.TestProtected" name="test_requires_auth[/offices]" time="0.102" /><testcase classname="backend.tests.test_auth_phase1.TestProtected" name="test_requires_auth[/brokers]" time="0.094" /><testcase classname="backend.tests.test_auth_phase1.TestProtected" name="test_requires_auth[/prospects]" time="0.106" /><testcase classname="backend.tests.test_auth_phase1.TestProtected" name="test_requires_auth[/users]" time="0.097" /><testcase classname="backend.tests.test_auth_phase1.TestProtected" name="test_requires_auth[/activity]" time="0.105" /><testcase classname="backend.tests.test_auth_phase1.TestProtected" name="test_requires_auth[/goals]" time="0.122" /><testcase classname="backend.tests.test_auth_phase1.TestProtected" name="test_works_with_auth[/dashboard/kpis]" time="0.046" /><testcase classname="backend.tests.test_auth_phase1.TestProtected" name="test_works_with_auth[/offices]" time="0.046" /><testcase classname="backend.tests.test_auth_phase1.TestProtected" name="test_works_with_auth[/brokers]" time="0.073" /><testcase classname="backend.tests.test_auth_phase1.TestProtected" name="test_works_with_auth[/prospects]" time="0.042" /><testcase classname="backend.tests.test_auth_phase1.TestProtected" name="test_works_with_auth[/users]" time="0.044" /><testcase classname="backend.tests.test_auth_phase1.TestProtected" name="test_works_with_auth[/activity]" time="0.041" /><testcase classname="backend.tests.test_auth_phase1.TestUsersCrud" name="test_list_users" time="0.075" /><testcase classname="backend.tests.test_auth_phase1.TestUsersCrud" name="test_admin_creates_user_member_cannot" time="1.221" /><testcase classname="backend.tests.test_auth_phase1.TestUsersCrud" name="test_admin_patch_role_and_delete" time="0.459" /><testcase classname="backend.tests.test_auth_phase1.TestUsersCrud" name="test_admin_cannot_delete_self" time="0.042" /><testcase classname="backend.tests.test_auth_phase1.TestUsersCrud" name="test_delete_user_unassigns_prospects" time="0.536" /><testcase classname="backend.tests.test_auth_phase1.TestProspectsOwner" name="test_create_without_owner_assigns_current" time="0.127" /><testcase classname="backend.tests.test_auth_phase1.TestProspectsOwner" name="test_create_with_invalid_owner_is_null" time="0.091" /><testcase classname="backend.tests.test_auth_phase1.TestProspectsOwner" name="test_patch_owner_unassign_and_reassign" time="0.309" /><testcase classname="backend.tests.test_auth_phase1.TestProspectsOwner" name="test_filter_owner" time="0.471" /><testcase classname="backend.tests.test_auth_phase1.TestActivityActor" name="test_actor_logged" time="0.301" /></testsuite></testsuites>