<?xml version="1.0" encoding="utf-8"?><testsuites name="pytest tests"><testsuite name="pytest" errors="3" failures="4" skipped="0" tests="33" time="5.825" timestamp="2026-05-24T08:54:41.869567+00:00" hostname="agent-env-79e362e8-9e20-4148-851a-20d4cdedbcd1"><testcase classname="backend.tests.test_auth_phase1.TestAuth" name="test_login_success_sets_cookies" time="0.718" /><testcase classname="backend.tests.test_auth_phase1.TestAuth" name="test_login_wrong_password_401" time="0.328" /><testcase classname="backend.tests.test_auth_phase1.TestAuth" name="test_me_with_cookie" time="0.046" /><testcase classname="backend.tests.test_auth_phase1.TestAuth" name="test_me_without_auth_401" time="0.097" /><testcase classname="backend.tests.test_auth_phase1.TestAuth" name="test_bearer_fallback" time="0.165" /><testcase classname="backend.tests.test_auth_phase1.TestAuth" name="test_refresh_with_cookie" time="0.381" /><testcase classname="backend.tests.test_auth_phase1.TestAuth" name="test_refresh_no_cookie_401" time="0.099" /><testcase classname="backend.tests.test_auth_phase1.TestAuth" name="test_logout_clears_cookies" time="0.462" /><testcase classname="backend.tests.test_auth_phase1.TestAuth" name="test_brute_force_lockout" time="0.641"><failure message="AssertionError: Expected 429 lockout, got 401&#10;assert 401 == 429">backend/tests/test_auth_phase1.py:155: in test_brute_force_lockout
    assert last_status == 429, f"Expected 429 lockout, got {last_status}"
E   AssertionError: Expected 429 lockout, got 401
E   assert 401 == 429</failure></testcase><testcase classname="backend.tests.test_auth_phase1.TestCors" name="test_cors_credentials" time="0.069"><failure message="AssertionError: Expected explicit origin, got '*'&#10;assert '*' == 'https://recr...gentagent.com'&#10;  &#10;  - https://recruiter-dash-10.preview.emergentagent.com&#10;  + *">backend/tests/test_auth_phase1.py:175: in test_cors_credentials
    assert acao == FRONTEND_URL, f"Expected explicit origin, got '{acao}'"
E   AssertionError: Expected explicit origin, got '*'
E   assert '*' == 'https://recr...gentagent.com'
E     
E     - https://recruiter-dash-10.preview.emergentagent.com
E     + *</failure></testcase><testcase classname="backend.tests.test_auth_phase1.TestProtected" name="test_requires_auth[/dashboard/kpis]" time="0.097" /><testcase classname="backend.tests.test_auth_phase1.TestProtected" name="test_requires_auth[/offices]" time="0.130" /><testcase classname="backend.tests.test_auth_phase1.TestProtected" name="test_requires_auth[/brokers]" time="0.088" /><testcase classname="backend.tests.test_auth_phase1.TestProtected" name="test_requires_auth[/prospects]" time="0.097" /><testcase classname="backend.tests.test_auth_phase1.TestProtected" name="test_requires_auth[/users]" time="0.096" /><testcase classname="backend.tests.test_auth_phase1.TestProtected" name="test_requires_auth[/activity]" time="0.128" /><testcase classname="backend.tests.test_auth_phase1.TestProtected" name="test_requires_auth[/goals]" time="0.106" /><testcase classname="backend.tests.test_auth_phase1.TestProtected" name="test_works_with_auth[/dashboard/kpis]" time="0.052" /><testcase classname="backend.tests.test_auth_phase1.TestProtected" name="test_works_with_auth[/offices]" time="0.045" /><testcase classname="backend.tests.test_auth_phase1.TestProtected" name="test_works_with_auth[/brokers]" time="0.074" /><testcase classname="backend.tests.test_auth_phase1.TestProtected" name="test_works_with_auth[/prospects]" time="0.046" /><testcase classname="backend.tests.test_auth_phase1.TestProtected" name="test_works_with_auth[/users]" time="0.043" /><testcase classname="backend.tests.test_auth_phase1.TestProtected" name="test_works_with_auth[/activity]" time="0.043" /><testcase classname="backend.tests.test_auth_phase1.TestUsersCrud" name="test_list_users" time="0.046" /><testcase classname="backend.tests.test_auth_phase1.TestUsersCrud" name="test_admin_creates_user_member_cannot" time="0.265"><error message="failed on setup with &quot;AssertionError: Internal Server Error&#10;assert 500 == 200&#10; +  where 500 = &lt;Response [500]&gt;.status_code&quot;">backend/tests/test_auth_phase1.py:54: in member_session
    assert r.status_code == 200, r.text
E   AssertionError: Internal Server Error
E   assert 500 == 200
E    +  where 500 = &lt;Response [500]&gt;.status_code</error></testcase><testcase classname="backend.tests.test_auth_phase1.TestUsersCrud" name="test_admin_patch_role_and_delete" time="0.265"><failure message="requests.exceptions.JSONDecodeError: Expecting value: line 1 column 1 (char 0)">/root/.venv/lib/python3.11/site-packages/requests/models.py:1116: in json
    return complexjson.loads(self.text, **kwargs)
           ^^^^^^^^^^^^^^^^^^^^^^^^^^^^^^^^^^^^^^
/usr/local/lib/python3.11/json/__init__.py:346: in loads
    return _default_decoder.decode(s)
           ^^^^^^^^^^^^^^^^^^^^^^^^^^
/usr/local/lib/python3.11/json/decoder.py:337: in decode
    obj, end = self.raw_decode(s, idx=_w(s, 0).end())
               ^^^^^^^^^^^^^^^^^^^^^^^^^^^^^^^^^^^^^^
/usr/local/lib/python3.11/json/decoder.py:355: in raw_decode
    raise JSONDecodeError("Expecting value", s, err.value) from None
E   json.decoder.JSONDecodeError: Expecting value: line 1 column 1 (char 0)

During handling of the above exception, another exception occurred:
backend/tests/test_auth_phase1.py:242: in test_admin_patch_role_and_delete
    uid = r.json()["id"]
          ^^^^^^^^
/root/.venv/lib/python3.11/site-packages/requests/models.py:1120: in json
    raise RequestsJSONDecodeError(e.msg, e.doc, e.pos)
E   requests.exceptions.JSONDecodeError: Expecting value: line 1 column 1 (char 0)</failure></testcase><testcase classname="backend.tests.test_auth_phase1.TestUsersCrud" name="test_admin_cannot_delete_self" time="0.043" /><testcase classname="backend.tests.test_auth_phase1.TestUsersCrud" name="test_delete_user_unassigns_prospects" time="0.266"><failure message="requests.exceptions.JSONDecodeError: Expecting value: line 1 column 1 (char 0)">/root/.venv/lib/python3.11/site-packages/requests/models.py:1116: in json
    return complexjson.loads(self.text, **kwargs)
           ^^^^^^^^^^^^^^^^^^^^^^^^^^^^^^^^^^^^^^
/usr/local/lib/python3.11/json/__init__.py:346: in loads
    return _default_decoder.decode(s)
           ^^^^^^^^^^^^^^^^^^^^^^^^^^
/usr/local/lib/python3.11/json/decoder.py:337: in decode
    obj, end = self.raw_decode(s, idx=_w(s, 0).end())
               ^^^^^^^^^^^^^^^^^^^^^^^^^^^^^^^^^^^^^^
/usr/local/lib/python3.11/json/decoder.py:355: in raw_decode
    raise JSONDecodeError("Expecting value", s, err.value) from None
E   json.decoder.JSONDecodeError: Expecting value: line 1 column 1 (char 0)

During handling of the above exception, another exception occurred:
backend/tests/test_auth_phase1.py:266: in test_delete_user_unassigns_prospects
    owner_id = r.json()["id"]
               ^^^^^^^^
/root/.venv/lib/python3.11/site-packages/requests/models.py:1120: in json
    raise RequestsJSONDecodeError(e.msg, e.doc, e.pos)
E   requests.exceptions.JSONDecodeError: Expecting value: line 1 column 1 (char 0)</failure></testcase><testcase classname="backend.tests.test_auth_phase1.TestProspectsOwner" name="test_create_without_owner_assigns_current" time="0.087" /><testcase classname="backend.tests.test_auth_phase1.TestProspectsOwner" name="test_create_with_invalid_owner_is_null" time="0.126" /><testcase classname="backend.tests.test_auth_phase1.TestProspectsOwner" name="test_patch_owner_unassign_and_reassign" time="0.000"><error message="failed on setup with &quot;AssertionError: Internal Server Error&#10;assert 500 == 200&#10; +  where 500 = &lt;Response [500]&gt;.status_code&quot;">backend/tests/test_auth_phase1.py:54: in member_session
    assert r.status_code == 200, r.text
E   AssertionError: Internal Server Error
E   assert 500 == 200
E    +  where 500 = &lt;Response [500]&gt;.status_code</error></testcase><testcase classname="backend.tests.test_auth_phase1.TestProspectsOwner" name="test_filter_owner" time="0.000"><error message="failed on setup with &quot;AssertionError: Internal Server Error&#10;assert 500 == 200&#10; +  where 500 = &lt;Response [500]&gt;.status_code&quot;">backend/tests/test_auth_phase1.py:54: in member_session
    assert r.status_code == 200, r.text
E   AssertionError: Internal Server Error
E   assert 500 == 200
E    +  where 500 = &lt;Response [500]&gt;.status_code</error></testcase><testcase classname="backend.tests.test_auth_phase1.TestActivityActor" name="test_actor_logged" time="0.466" /></testsuite></testsuites>