<?xml version="1.0" encoding="utf-8"?><testsuites name="pytest tests"><testsuite name="pytest" errors="0" failures="0" skipped="0" tests="14" time="2.395" timestamp="2026-05-24T09:10:12.972647+00:00" hostname="agent-env-79e362e8-9e20-4148-851a-20d4cdedbcd1"><testcase classname="backend.tests.test_phase2.TestProspectSourceFields" name="test_create_with_source_fields" time="0.545" /><testcase classname="backend.tests.test_phase2.TestProspectSourceFields" name="test_patch_source_fields" time="0.137" /><testcase classname="backend.tests.test_phase2.TestLostWorkflow" name="test_mark_lost" time="0.181" /><testcase classname="backend.tests.test_phase2.TestLostWorkflow" name="test_mark_lost_empty_agency_returns_400" time="0.133" /><testcase classname="backend.tests.test_phase2.TestLostWorkflow" name="test_restore_prospect" time="0.224" /><testcase classname="backend.tests.test_phase2.TestProspectsListing" name="test_list_excludes_lost_by_default" time="0.194" /><testcase classname="backend.tests.test_phase2.TestProspectsListing" name="test_list_include_lost" time="0.191" /><testcase classname="backend.tests.test_phase2.TestProspectsListing" name="test_filter_by_source" time="0.133" /><testcase classname="backend.tests.test_phase2.TestStaleProspects" name="test_stale_endpoint_works_with_days_1" time="0.043" /><testcase classname="backend.tests.test_phase2.TestStaleProspects" name="test_stale_route_does_not_collide_with_prospect_id_route" time="0.089" /><testcase classname="backend.tests.test_phase2.TestDashboardKPIs" name="test_kpis_has_new_fields" time="0.049" /><testcase classname="backend.tests.test_phase2.TestDashboardKPIs" name="test_kpis_prospects_total_excludes_lost" time="0.232" /><testcase classname="backend.tests.test_phase2.TestDashboardKPIs" name="test_insights_shape" time="0.045" /><testcase classname="backend.tests.test_phase2.TestStaleViaInjection" name="test_stale_picks_up_old_prospect" time="0.132" /></testsuite></testsuites>