<?xml version="1.0" encoding="utf-8"?><testsuites name="pytest tests"><testsuite name="pytest" errors="0" failures="0" skipped="0" tests="22" time="37.766" timestamp="2026-05-24T08:20:07.666442+00:00" hostname="agent-env-79e362e8-9e20-4148-851a-20d4cdedbcd1"><testcase classname="backend.tests.backend_test.TestHealth" name="test_root" time="0.119" /><testcase classname="backend.tests.backend_test.TestHealth" name="test_dashboard_kpis" time="0.049" /><testcase classname="backend.tests.backend_test.TestReadOnly" name="test_offices" time="0.047" /><testcase classname="backend.tests.backend_test.TestReadOnly" name="test_offices_search" time="0.044" /><testcase classname="backend.tests.backend_test.TestReadOnly" name="test_brokers" time="0.068" /><testcase classname="backend.tests.backend_test.TestReadOnly" name="test_brokers_search" time="0.061" /><testcase classname="backend.tests.backend_test.TestReadOnly" name="test_listings" time="0.052" /><testcase classname="backend.tests.backend_test.TestProspects" name="test_list" time="0.045" /><testcase classname="backend.tests.backend_test.TestProspects" name="test_create_update_status_delete" time="0.353" /><testcase classname="backend.tests.backend_test.TestActivity" name="test_feed" time="0.046" /><testcase classname="backend.tests.backend_test.TestGoals" name="test_crud" time="0.257" /><testcase classname="backend.tests.backend_test.TestGeo" name="test_municipalities" time="0.044" /><testcase classname="backend.tests.backend_test.TestGeo" name="test_whitespots" time="0.048" /><testcase classname="backend.tests.backend_test.TestScrape" name="test_status_initial" time="0.043" /><testcase classname="backend.tests.backend_test.TestScrape" name="test_run" time="0.459" /><testcase classname="backend.tests.backend_test.TestScrape" name="test_status_after" time="0.087" /><testcase classname="backend.tests.backend_test.TestAI" name="test_brief" time="35.544" /><testcase classname="backend.tests.backend_test.TestReminders" name="test_send_skipped" time="0.122" /><testcase classname="backend.tests.backend_test.TestReminders" name="test_due" time="0.044" /><testcase classname="backend.tests.backend_test.TestCsv" name="test_csv[offices.csv]" time="0.044" /><testcase classname="backend.tests.backend_test.TestCsv" name="test_csv[brokers.csv]" time="0.047" /><testcase classname="backend.tests.backend_test.TestCsv" name="test_csv[prospects.csv]" time="0.043" /></testsuite></testsuites>