<?xml version="1.0" encoding="utf-8"?><testsuites name="pytest tests"><testsuite name="pytest" errors="0" failures="21" skipped="0" tests="36" time="3.751" timestamp="2026-05-28T12:32:21.040641+00:00" hostname="agent-env-79e362e8-9e20-4148-851a-20d4cdedbcd1"><testcase classname="backend.tests.backend_test.TestHealth" name="test_root" time="0.206" /><testcase classname="backend.tests.backend_test.TestHealth" name="test_dashboard_kpis" time="0.055"><failure message="assert 401 == 200&#10; +  where 401 = &lt;Response [401]&gt;.status_code">E   assert 401 == 200
     +  where 401 = &lt;Response [401]&gt;.status_code</failure></testcase><testcase classname="backend.tests.backend_test.TestReadOnly" name="test_offices" time="0.053"><failure message="assert 401 == 200&#10; +  where 401 = &lt;Response [401]&gt;.status_code">E   assert 401 == 200
     +  where 401 = &lt;Response [401]&gt;.status_code</failure></testcase><testcase classname="backend.tests.backend_test.TestReadOnly" name="test_offices_search" time="0.051"><failure message="assert 401 == 200&#10; +  where 401 = &lt;Response [401]&gt;.status_code">E   assert 401 == 200
     +  where 401 = &lt;Response [401]&gt;.status_code</failure></testcase><testcase classname="backend.tests.backend_test.TestReadOnly" name="test_brokers" time="0.054"><failure message="assert 401 == 200&#10; +  where 401 = &lt;Response [401]&gt;.status_code">E   assert 401 == 200
     +  where 401 = &lt;Response [401]&gt;.status_code</failure></testcase><testcase classname="backend.tests.backend_test.TestReadOnly" name="test_brokers_search" time="0.053"><failure message="assert 401 == 200&#10; +  where 401 = &lt;Response [401]&gt;.status_code">E   assert 401 == 200
     +  where 401 = &lt;Response [401]&gt;.status_code</failure></testcase><testcase classname="backend.tests.backend_test.TestReadOnly" name="test_listings" time="0.066"><failure message="assert 401 == 200&#10; +  where 401 = &lt;Response [401]&gt;.status_code">E   assert 401 == 200
     +  where 401 = &lt;Response [401]&gt;.status_code</failure></testcase><testcase classname="backend.tests.backend_test.TestProspects" name="test_list" time="0.056"><failure message="assert 401 == 200&#10; +  where 401 = &lt;Response [401]&gt;.status_code">E   assert 401 == 200
     +  where 401 = &lt;Response [401]&gt;.status_code</failure></testcase><testcase classname="backend.tests.backend_test.TestProspects" name="test_create_update_status_delete" time="0.054"><failure message="AssertionError: {&quot;detail&quot;:&quot;Inte inloggad&quot;}&#10;assert 401 == 200&#10; +  where 401 = &lt;Response [401]&gt;.status_code">E   AssertionError: {"detail":"Inte inloggad"}
    assert 401 == 200
     +  where 401 = &lt;Response [401]&gt;.status_code</failure></testcase><testcase classname="backend.tests.backend_test.TestActivity" name="test_feed" time="0.075"><failure message="assert 401 == 200&#10; +  where 401 = &lt;Response [401]&gt;.status_code">E   assert 401 == 200
     +  where 401 = &lt;Response [401]&gt;.status_code</failure></testcase><testcase classname="backend.tests.backend_test.TestGoals" name="test_crud" time="0.059"><failure message="assert 401 == 200&#10; +  where 401 = &lt;Response [401]&gt;.status_code">E   assert 401 == 200
     +  where 401 = &lt;Response [401]&gt;.status_code</failure></testcase><testcase classname="backend.tests.backend_test.TestGeo" name="test_municipalities" time="0.055"><failure message="assert 401 == 200&#10; +  where 401 = &lt;Response [401]&gt;.status_code">E   assert 401 == 200
     +  where 401 = &lt;Response [401]&gt;.status_code</failure></testcase><testcase classname="backend.tests.backend_test.TestGeo" name="test_whitespots" time="0.048"><failure message="assert 401 == 200&#10; +  where 401 = &lt;Response [401]&gt;.status_code">E   assert 401 == 200
     +  where 401 = &lt;Response [401]&gt;.status_code</failure></testcase><testcase classname="backend.tests.backend_test.TestScrape" name="test_status_initial" time="0.052"><failure message="assert 401 == 200&#10; +  where 401 = &lt;Response [401]&gt;.status_code">E   assert 401 == 200
     +  where 401 = &lt;Response [401]&gt;.status_code</failure></testcase><testcase classname="backend.tests.backend_test.TestScrape" name="test_run" time="0.052"><failure message="AssertionError: {&quot;detail&quot;:&quot;Inte inloggad&quot;}&#10;assert 401 == 200&#10; +  where 401 = &lt;Response [401]&gt;.status_code">E   AssertionError: {"detail":"Inte inloggad"}
    assert 401 == 200
     +  where 401 = &lt;Response [401]&gt;.status_code</failure></testcase><testcase classname="backend.tests.backend_test.TestScrape" name="test_status_after" time="0.049"><failure message="assert 401 == 200&#10; +  where 401 = &lt;Response [401]&gt;.status_code">E   assert 401 == 200
     +  where 401 = &lt;Response [401]&gt;.status_code</failure></testcase><testcase classname="backend.tests.backend_test.TestAI" name="test_brief" time="0.048"><failure message="KeyError: 'items'">E   KeyError: 'items'</failure></testcase><testcase classname="backend.tests.backend_test.TestReminders" name="test_send_skipped" time="0.052"><failure message="KeyError: 'items'">E   KeyError: 'items'</failure></testcase><testcase classname="backend.tests.backend_test.TestReminders" name="test_due" time="0.054"><failure message="assert 401 == 200&#10; +  where 401 = &lt;Response [401]&gt;.status_code">E   assert 401 == 200
     +  where 401 = &lt;Response [401]&gt;.status_code</failure></testcase><testcase classname="backend.tests.backend_test.TestCsv" name="test_csv[offices.csv]" time="0.054"><failure message="assert 401 == 200&#10; +  where 401 = &lt;Response [401]&gt;.status_code">E   assert 401 == 200
     +  where 401 = &lt;Response [401]&gt;.status_code</failure></testcase><testcase classname="backend.tests.backend_test.TestCsv" name="test_csv[brokers.csv]" time="0.047"><failure message="assert 401 == 200&#10; +  where 401 = &lt;Response [401]&gt;.status_code">E   assert 401 == 200
     +  where 401 = &lt;Response [401]&gt;.status_code</failure></testcase><testcase classname="backend.tests.backend_test.TestCsv" name="test_csv[prospects.csv]" time="0.050"><failure message="assert 401 == 200&#10; +  where 401 = &lt;Response [401]&gt;.status_code">E   assert 401 == 200
     +  where 401 = &lt;Response [401]&gt;.status_code</failure></testcase><testcase classname="backend.tests.test_phase2.TestProspectSourceFields" name="test_create_with_source_fields" time="0.475" /><testcase classname="backend.tests.test_phase2.TestProspectSourceFields" name="test_patch_source_fields" time="0.142" /><testcase classname="backend.tests.test_phase2.TestLostWorkflow" name="test_mark_lost" time="0.190" /><testcase classname="backend.tests.test_phase2.TestLostWorkflow" name="test_mark_lost_empty_agency_returns_400" time="0.140" /><testcase classname="backend.tests.test_phase2.TestLostWorkflow" name="test_restore_prospect" time="0.228" /><testcase classname="backend.tests.test_phase2.TestProspectsListing" name="test_list_excludes_lost_by_default" time="0.182" /><testcase classname="backend.tests.test_phase2.TestProspectsListing" name="test_list_include_lost" time="0.191" /><testcase classname="backend.tests.test_phase2.TestProspectsListing" name="test_filter_by_source" time="0.140" /><testcase classname="backend.tests.test_phase2.TestStaleProspects" name="test_stale_endpoint_works_with_days_1" time="0.046" /><testcase classname="backend.tests.test_phase2.TestStaleProspects" name="test_stale_route_does_not_collide_with_prospect_id_route" time="0.089" /><testcase classname="backend.tests.test_phase2.TestDashboardKPIs" name="test_kpis_has_new_fields" time="0.051" /><testcase classname="backend.tests.test_phase2.TestDashboardKPIs" name="test_kpis_prospects_total_excludes_lost" time="0.246" /><testcase classname="backend.tests.test_phase2.TestDashboardKPIs" name="test_insights_shape" time="0.052" /><testcase classname="backend.tests.test_phase2.TestStaleViaInjection" name="test_stale_picks_up_old_prospect" time="0.136" /></testsuite></testsuites>